<?xml version="1.0" encoding="UTF-8"?>
<testsuite name="org.example.test.Tester2" tests="6" skipped="1" failures="0" errors="0" timestamp="2022-04-14T05:43:28" hostname="DESKTOP-5AKT3EP" time="1.971">
  <properties/>
  <testcase name="test5()" classname="org.example.test.Tester2" time="0.042"/>
  <testcase name="test6()" classname="org.example.test.Tester2" time="0.005">
    <skipped/>
  </testcase>
  <testcase name="testStream()" classname="org.example.test.Tester2" time="0.004"/>
  <testcase name="testTimer4()" classname="org.example.test.Tester2" time="1.909"/>
  <testcase name="testStream2()" classname="org.example.test.Tester2" time="0.001"/>
  <testcase name="testStream3()" classname="org.example.test.Tester2" time="0.004"/>
  <system-out><![CDATA[]]></system-out>
  <system-err><![CDATA[]]></system-err>
</testsuite>
